<?xml version="1.0" encoding="UTF-8"?>
<!-- Generated by org.testng.reporters.JUnitReportReporter -->
<testsuite hostname="DESKTOP-QH53ICB" failures="0" tests="1" name="basic.ContactstsTest" time="12.391" errors="0" timestamp="2024-03-23T09:39:41 IST" skipped="0">
  <testcase classname="basic.ContactstsTest" name="CreateContactsTest" time="12.391"/>
  <system-out/>
</testsuite> <!-- basic.ContactstsTest -->
