<?xml version="1.0" encoding="UTF-8"?>
<!-- Generated by org.testng.reporters.JUnitReportReporter -->
<testsuite hostname="DESKTOP-QH53ICB" failures="0" tests="1" name="basic.LeadsTest" time="22.974" errors="0" timestamp="2024-03-23T09:48:25 IST" skipped="0">
  <testcase classname="basic.LeadsTest" name="CreateLeadsTest" time="22.974"/>
  <system-out/>
</testsuite> <!-- basic.LeadsTest -->
